Running: C:\Xilinx\14.7\ISE_DS\ISE\bin\nt64\unwrapped\fuse.exe -intstyle ise -incremental -lib uni9000_ver -lib aim_ver -lib cpld_ver -lib xilinxcorelib_ver -o D:/Documentos/Proyectos_Digitales/Multiplexor_4salidas/VT_prueba_isim_beh.exe -prj D:/Documentos/Proyectos_Digitales/Multiplexor_4salidas/VT_prueba_beh.prj work.VT_prueba work.glbl 
ISim P.20131013 (signature 0x7708f090)
Number of CPUs detected in this system: 4
Turning on mult-threading, number of parallel sub-compilation jobs: 8 
Determining compilation order of HDL files
Analyzing Verilog file "D:/Documentos/Proyectos_Digitales/Multiplexor_4salidas/VM_decode.v" into library work
Analyzing Verilog file "D:/Documentos/Proyectos_Digitales/Multiplexor_4salidas/VM_prueba.v" into library work
Analyzing Verilog file "D:/Documentos/Proyectos_Digitales/Multiplexor_4salidas/VT_prueba.v" into library work
Analyzing Verilog file "C:/Xilinx/14.7/ISE_DS/ISE//verilog/src/glbl.v" into library work
Starting static elaboration
Completed static elaboration
Compiling module VM_decode
Compiling module VM_prueba
Compiling module VT_prueba
Compiling module glbl
Time Resolution for simulation is 1ps.
Waiting for 1 sub-compilation(s) to finish...
Compiled 4 Verilog Units
Built simulation executable D:/Documentos/Proyectos_Digitales/Multiplexor_4salidas/VT_prueba_isim_beh.exe
Fuse Memory Usage: 27916 KB
Fuse CPU Usage: 531 ms
