Command line:
   Elevador_tv_isim_beh.exe
     -simmode  gui
     -simrunnum  0
     -socket  64452

Wed Oct 12 16:26:21 2022


 Elaboration Time: 0.375 sec

 Current Memory Usage: 5805.84 Meg

 Total Signals          : 21
 Total Nets             : 21
 Total Signal Drivers   : 13
 Total Blocks           : 3
 Total Primitive Blocks : 2
 Total Processes        : 17
 Total Traceable Variables  : 32
 Total Scalar Nets and Variables : 151
Total Line Count : 76

 Total Simulation Time: 0.484375 sec

 Current Memory Usage: 5019.41 Meg

Wed Oct 12 16:33:01 2022

