Command line:
   Tprueba1_isim_beh.exe
     -simmode  gui
     -simrunnum  0
     -socket  59267

Mon Jun 13 19:30:02 2022


 Elaboration Time: 0.375 sec

 Current Memory Usage: 5805.8 Meg

 Total Signals          : 21
 Total Nets             : 21
 Total Signal Drivers   : 10
 Total Blocks           : 5
 Total Primitive Blocks : 4
 Total Processes        : 11
 Total Traceable Variables  : 27
 Total Scalar Nets and Variables : 462
Total Line Count : 15
Total Line Count : 15
Total Line Count : 15

 Total Simulation Time: 4.20313 sec

 Current Memory Usage: 4704.79 Meg

Mon Jun 13 19:37:39 2022

