Command line:
   t_prot_isim_beh.exe
     -simmode  gui
     -simrunnum  0
     -socket  55925

Wed Jun 29 13:59:47 2022


 Elaboration Time: 0.375 sec

 Current Memory Usage: 5805.79 Meg

 Total Signals          : 18
 Total Nets             : 17
 Total Signal Drivers   : 9
 Total Blocks           : 3
 Total Primitive Blocks : 2
 Total Processes        : 11
 Total Traceable Variables  : 21
 Total Scalar Nets and Variables : 100
Total Line Count : 48

 Total Simulation Time: 0.53125 sec

 Current Memory Usage: 4704.78 Meg

Wed Jun 29 14:13:07 2022

